# JRE version: Java(TM) SE Runtime Environment (8.0_221-b11) (build 1.8.0_221-b11)
# Java VM: Java HotSpot(TM) 64-Bit Server VM (25.221-b11 mixed mode windows-amd64 compressed oops)
Heap:
 PSYoungGen      total 258048K, used 70015K [0x000000076b600000, 0x000000077c100000, 0x00000007c0000000)
  eden space 242688K, 28% used [0x000000076b600000,0x000000076fa5fc30,0x000000077a300000)
  from space 15360K, 0% used [0x000000077a300000,0x000000077a300000,0x000000077b200000)
  to   space 13312K, 30% used [0x000000077b300000,0x000000077b6fe288,0x000000077c000000)
 ParOldGen       total 112128K, used 14962K [0x00000006c2200000, 0x00000006c8f80000, 0x000000076b600000)
  object space 112128K, 13% used [0x00000006c2200000,0x00000006c309ca30,0x00000006c8f80000)
 Metaspace       used 41701K, capacity 44126K, committed 44376K, reserved 1091584K
  class space    used 5917K, capacity 6362K, committed 6488K, reserved 1048576K
GC Heap History (10 events):
Event: 2.603 GC heap after
Heap after GC invocations=5 (full 1):
 PSYoungGen      total 140800K, used 0K [0x000000076b600000, 0x0000000774a00000, 0x00000007c0000000)
  eden space 130048K, 0% used [0x000000076b600000,0x000000076b600000,0x0000000773500000)
  from space 10752K, 0% used [0x0000000773f80000,0x0000000773f80000,0x0000000774a00000)
  to   space 10752K, 0% used [0x0000000773500000,0x0000000773500000,0x0000000773f80000)
 ParOldGen       total 78336K, used 6715K [0x00000006c2200000, 0x00000006c6e80000, 0x000000076b600000)
  object space 78336K, 8% used [0x00000006c2200000,0x00000006c288eed8,0x00000006c6e80000)
 Metaspace       used 20301K, capacity 21156K, committed 21248K, reserved 1067008K
  class space    used 2786K, capacity 3019K, committed 3072K, reserved 1048576K
}
Event: 3.271 GC heap before
{Heap before GC invocations=6 (full 1):
 PSYoungGen      total 140800K, used 130048K [0x000000076b600000, 0x0000000774a00000, 0x00000007c0000000)
  eden space 130048K, 100% used [0x000000076b600000,0x0000000773500000,0x0000000773500000)
  from space 10752K, 0% used [0x0000000773f80000,0x0000000773f80000,0x0000000774a00000)
  to   space 10752K, 0% used [0x0000000773500000,0x0000000773500000,0x0000000773f80000)
 ParOldGen       total 78336K, used 6715K [0x00000006c2200000, 0x00000006c6e80000, 0x000000076b600000)
  object space 78336K, 8% used [0x00000006c2200000,0x00000006c288eed8,0x00000006c6e80000)
 Metaspace       used 26066K, capacity 27428K, committed 27648K, reserved 1073152K
  class space    used 3658K, capacity 3969K, committed 4096K, reserved 1048576K
Event: 3.278 GC heap after
Heap after GC invocations=6 (full 1):
 PSYoungGen      total 140800K, used 10746K [0x000000076b600000, 0x000000077c000000, 0x00000007c0000000)
  eden space 130048K, 0% used [0x000000076b600000,0x000000076b600000,0x0000000773500000)
  from space 10752K, 99% used [0x0000000773500000,0x0000000773f7ea18,0x0000000773f80000)
  to   space 13312K, 0% used [0x000000077b300000,0x000000077b300000,0x000000077c000000)
 ParOldGen       total 78336K, used 8276K [0x00000006c2200000, 0x00000006c6e80000, 0x000000076b600000)
  object space 78336K, 10% used [0x00000006c2200000,0x00000006c2a15000,0x00000006c6e80000)
 Metaspace       used 26066K, capacity 27428K, committed 27648K, reserved 1073152K
  class space    used 3658K, capacity 3969K, committed 4096K, reserved 1048576K
}
Event: 3.862 GC heap before
{Heap before GC invocations=7 (full 1):
 PSYoungGen      total 140800K, used 140794K [0x000000076b600000, 0x000000077c000000, 0x00000007c0000000)
  eden space 130048K, 100% used [0x000000076b600000,0x0000000773500000,0x0000000773500000)
  from space 10752K, 99% used [0x0000000773500000,0x0000000773f7ea18,0x0000000773f80000)
  to   space 13312K, 0% used [0x000000077b300000,0x000000077b300000,0x000000077c000000)
 ParOldGen       total 78336K, used 8276K [0x00000006c2200000, 0x00000006c6e80000, 0x000000076b600000)
  object space 78336K, 10% used [0x00000006c2200000,0x00000006c2a15000,0x00000006c6e80000)
 Metaspace       used 31887K, capacity 33986K, committed 34176K, reserved 1079296K
  class space    used 4499K, capacity 4908K, committed 4992K, reserved 1048576K
Event: 3.870 GC heap after
Heap after GC invocations=7 (full 1):
 PSYoungGen      total 256000K, used 13305K [0x000000076b600000, 0x000000077c100000, 0x00000007c0000000)
  eden space 242688K, 0% used [0x000000076b600000,0x000000076b600000,0x000000077a300000)
  from space 13312K, 99% used [0x000000077b300000,0x000000077bffe640,0x000000077c000000)
  to   space 15360K, 0% used [0x000000077a300000,0x000000077a300000,0x000000077b200000)
 ParOldGen       total 78336K, used 8578K [0x00000006c2200000, 0x00000006c6e80000, 0x000000076b600000)
  object space 78336K, 10% used [0x00000006c2200000,0x00000006c2a60a58,0x00000006c6e80000)
 Metaspace       used 31887K, capacity 33986K, committed 34176K, reserved 1079296K
  class space    used 4499K, capacity 4908K, committed 4992K, reserved 1048576K
}
Event: 3.988 GC heap before
{Heap before GC invocations=8 (full 1):
 PSYoungGen      total 256000K, used 37893K [0x000000076b600000, 0x000000077c100000, 0x00000007c0000000)
  eden space 242688K, 10% used [0x000000076b600000,0x000000076ce02f98,0x000000077a300000)
  from space 13312K, 99% used [0x000000077b300000,0x000000077bffe640,0x000000077c000000)
  to   space 15360K, 0% used [0x000000077a300000,0x000000077a300000,0x000000077b200000)
 ParOldGen       total 78336K, used 8578K [0x00000006c2200000, 0x00000006c6e80000, 0x000000076b600000)
  object space 78336K, 10% used [0x00000006c2200000,0x00000006c2a60a58,0x00000006c6e80000)
 Metaspace       used 33120K, capacity 35328K, committed 35416K, reserved 1079296K
  class space    used 4700K, capacity 5123K, committed 5208K, reserved 1048576K
Event: 3.994 GC heap after
Heap after GC invocations=8 (full 1):
 PSYoungGen      total 258048K, used 10242K [0x000000076b600000, 0x000000077c100000, 0x00000007c0000000)
  eden space 242688K, 0% used [0x000000076b600000,0x000000076b600000,0x000000077a300000)
  from space 15360K, 66% used [0x000000077a300000,0x000000077ad00b98,0x000000077b200000)
  to   space 13312K, 0% used [0x000000077b300000,0x000000077b300000,0x000000077c000000)
 ParOldGen       total 78336K, used 8586K [0x00000006c2200000, 0x00000006c6e80000, 0x000000076b600000)
  object space 78336K, 10% used [0x00000006c2200000,0x00000006c2a62a58,0x00000006c6e80000)
 Metaspace       used 33120K, capacity 35328K, committed 35416K, reserved 1079296K
  class space    used 4700K, capacity 5123K, committed 5208K, reserved 1048576K
}
Event: 3.994 GC heap before
{Heap before GC invocations=9 (full 2):
 PSYoungGen      total 258048K, used 10242K [0x000000076b600000, 0x000000077c100000, 0x00000007c0000000)
  eden space 242688K, 0% used [0x000000076b600000,0x000000076b600000,0x000000077a300000)
  from space 15360K, 66% used [0x000000077a300000,0x000000077ad00b98,0x000000077b200000)
  to   space 13312K, 0% used [0x000000077b300000,0x000000077b300000,0x000000077c000000)
 ParOldGen       total 78336K, used 8586K [0x00000006c2200000, 0x00000006c6e80000, 0x000000076b600000)
  object space 78336K, 10% used [0x00000006c2200000,0x00000006c2a62a58,0x00000006c6e80000)
 Metaspace       used 33120K, capacity 35328K, committed 35416K, reserved 1079296K
  class space    used 4700K, capacity 5123K, committed 5208K, reserved 1048576K
Event: 4.056 GC heap after
Heap after GC invocations=9 (full 2):
 PSYoungGen      total 258048K, used 0K [0x000000076b600000, 0x000000077c100000, 0x00000007c0000000)
  eden space 242688K, 0% used [0x000000076b600000,0x000000076b600000,0x000000077a300000)
  from space 15360K, 0% used [0x000000077a300000,0x000000077a300000,0x000000077b200000)
  to   space 13312K, 0% used [0x000000077b300000,0x000000077b300000,0x000000077c000000)
 ParOldGen       total 112128K, used 14954K [0x00000006c2200000, 0x00000006c8f80000, 0x000000076b600000)
  object space 112128K, 13% used [0x00000006c2200000,0x00000006c309aa30,0x00000006c8f80000)
 Metaspace       used 33120K, capacity 35328K, committed 35416K, reserved 1079296K
  class space    used 4700K, capacity 5123K, committed 5208K, reserved 1048576K
}
Event: 4.814 GC heap before
{Heap before GC invocations=10 (full 2):
 PSYoungGen      total 258048K, used 70014K [0x000000076b600000, 0x000000077c100000, 0x00000007c0000000)
  eden space 242688K, 28% used [0x000000076b600000,0x000000076fa5fb38,0x000000077a300000)
  from space 15360K, 0% used [0x000000077a300000,0x000000077a300000,0x000000077b200000)
  to   space 13312K, 0% used [0x000000077b300000,0x000000077b300000,0x000000077c000000)
 ParOldGen       total 112128K, used 14954K [0x00000006c2200000, 0x00000006c8f80000, 0x000000076b600000)
  object space 112128K, 13% used [0x00000006c2200000,0x00000006c309aa30,0x00000006c8f80000)
 Metaspace       used 41701K, capacity 44126K, committed 44376K, reserved 1091584K
  class space    used 5917K, capacity 6362K, committed 6488K, reserved 1048576K

