# JRE version: Java(TM) SE Runtime Environment (8.0_221-b11) (build 1.8.0_221-b11)
# Java VM: Java HotSpot(TM) 64-Bit Server VM (25.221-b11 mixed mode windows-amd64 compressed oops)
Heap:
 PSYoungGen      total 410624K, used 14829K [0x000000076b600000, 0x0000000785e80000, 0x00000007c0000000)
  eden space 386560K, 3% used [0x000000076b600000,0x000000076c47b608,0x0000000782f80000)
  from space 24064K, 0% used [0x0000000782f80000,0x0000000782f80000,0x0000000784700000)
  to   space 19968K, 0% used [0x0000000784880000,0x0000000784880000,0x0000000785c00000)
 ParOldGen       total 133120K, used 38337K [0x00000006c2200000, 0x00000006ca400000, 0x000000076b600000)
  object space 133120K, 28% used [0x00000006c2200000,0x00000006c47704e8,0x00000006ca400000)
 Metaspace       used 60677K, capacity 64601K, committed 64712K, reserved 1107968K
  class space    used 8770K, capacity 9450K, committed 9472K, reserved 1048576K
GC Heap History (10 events):
Event: 9.884 GC heap before
{Heap before GC invocations=13 (full 2):
 PSYoungGen      total 406528K, used 90749K [0x000000076b600000, 0x0000000785e80000, 0x00000007c0000000)
  eden space 386560K, 18% used [0x000000076b600000,0x000000076fb255a8,0x0000000782f80000)
  from space 19968K, 99% used [0x0000000784880000,0x0000000785bfa1a0,0x0000000785c00000)
  to   space 24064K, 0% used [0x0000000782f80000,0x0000000782f80000,0x0000000784700000)
 ParOldGen       total 102912K, used 32256K [0x00000006c2200000, 0x00000006c8680000, 0x000000076b600000)
  object space 102912K, 31% used [0x00000006c2200000,0x00000006c4180220,0x00000006c8680000)
 Metaspace       used 57215K, capacity 60831K, committed 61000K, reserved 1101824K
  class space    used 8218K, capacity 8832K, committed 8832K, reserved 1048576K
Event: 9.895 GC heap after
Heap after GC invocations=13 (full 2):
 PSYoungGen      total 410624K, used 4025K [0x000000076b600000, 0x0000000785e80000, 0x00000007c0000000)
  eden space 386560K, 0% used [0x000000076b600000,0x000000076b600000,0x0000000782f80000)
  from space 24064K, 16% used [0x0000000782f80000,0x000000078336e5a8,0x0000000784700000)
  to   space 19968K, 0% used [0x0000000784880000,0x0000000784880000,0x0000000785c00000)
 ParOldGen       total 102912K, used 45880K [0x00000006c2200000, 0x00000006c8680000, 0x000000076b600000)
  object space 102912K, 44% used [0x00000006c2200000,0x00000006c4ece3e8,0x00000006c8680000)
 Metaspace       used 57215K, capacity 60831K, committed 61000K, reserved 1101824K
  class space    used 8218K, capacity 8832K, committed 8832K, reserved 1048576K
}
Event: 9.895 GC heap before
{Heap before GC invocations=14 (full 3):
 PSYoungGen      total 410624K, used 4025K [0x000000076b600000, 0x0000000785e80000, 0x00000007c0000000)
  eden space 386560K, 0% used [0x000000076b600000,0x000000076b600000,0x0000000782f80000)
  from space 24064K, 16% used [0x0000000782f80000,0x000000078336e5a8,0x0000000784700000)
  to   space 19968K, 0% used [0x0000000784880000,0x0000000784880000,0x0000000785c00000)
 ParOldGen       total 102912K, used 45880K [0x00000006c2200000, 0x00000006c8680000, 0x000000076b600000)
  object space 102912K, 44% used [0x00000006c2200000,0x00000006c4ece3e8,0x00000006c8680000)
 Metaspace       used 57215K, capacity 60831K, committed 61000K, reserved 1101824K
  class space    used 8218K, capacity 8832K, committed 8832K, reserved 1048576K
Event: 10.016 GC heap after
Heap after GC invocations=14 (full 3):
 PSYoungGen      total 410624K, used 0K [0x000000076b600000, 0x0000000785e80000, 0x00000007c0000000)
  eden space 386560K, 0% used [0x000000076b600000,0x000000076b600000,0x0000000782f80000)
  from space 24064K, 0% used [0x0000000782f80000,0x0000000782f80000,0x0000000784700000)
  to   space 19968K, 0% used [0x0000000784880000,0x0000000784880000,0x0000000785c00000)
 ParOldGen       total 133120K, used 32780K [0x00000006c2200000, 0x00000006ca400000, 0x000000076b600000)
  object space 133120K, 24% used [0x00000006c2200000,0x00000006c4203390,0x00000006ca400000)
 Metaspace       used 57215K, capacity 60831K, committed 61000K, reserved 1101824K
  class space    used 8218K, capacity 8832K, committed 8832K, reserved 1048576K
}
Event: 12.481 GC heap before
{Heap before GC invocations=15 (full 3):
 PSYoungGen      total 410624K, used 125724K [0x000000076b600000, 0x0000000785e80000, 0x00000007c0000000)
  eden space 386560K, 32% used [0x000000076b600000,0x00000007730c7378,0x0000000782f80000)
  from space 24064K, 0% used [0x0000000782f80000,0x0000000782f80000,0x0000000784700000)
  to   space 19968K, 0% used [0x0000000784880000,0x0000000784880000,0x0000000785c00000)
 ParOldGen       total 133120K, used 32780K [0x00000006c2200000, 0x00000006ca400000, 0x000000076b600000)
  object space 133120K, 24% used [0x00000006c2200000,0x00000006c4203390,0x00000006ca400000)
 Metaspace       used 60479K, capacity 64279K, committed 64456K, reserved 1118208K
  class space    used 8741K, capacity 9385K, committed 9472K, reserved 1048576K
Event: 12.488 GC heap after
Heap after GC invocations=15 (full 3):
 PSYoungGen      total 406528K, used 8264K [0x000000076b600000, 0x0000000785e80000, 0x00000007c0000000)
  eden space 386560K, 0% used [0x000000076b600000,0x000000076b600000,0x0000000782f80000)
  from space 19968K, 41% used [0x0000000784880000,0x0000000785092138,0x0000000785c00000)
  to   space 24064K, 0% used [0x0000000782f80000,0x0000000782f80000,0x0000000784700000)
 ParOldGen       total 133120K, used 32788K [0x00000006c2200000, 0x00000006ca400000, 0x000000076b600000)
  object space 133120K, 24% used [0x00000006c2200000,0x00000006c4205390,0x00000006ca400000)
 Metaspace       used 60479K, capacity 64279K, committed 64456K, reserved 1118208K
  class space    used 8741K, capacity 9385K, committed 9472K, reserved 1048576K
}
Event: 12.488 GC heap before
{Heap before GC invocations=16 (full 3):
 PSYoungGen      total 406528K, used 12129K [0x000000076b600000, 0x0000000785e80000, 0x00000007c0000000)
  eden space 386560K, 1% used [0x000000076b600000,0x000000076b9c6680,0x0000000782f80000)
  from space 19968K, 41% used [0x0000000784880000,0x0000000785092138,0x0000000785c00000)
  to   space 24064K, 0% used [0x0000000782f80000,0x0000000782f80000,0x0000000784700000)
 ParOldGen       total 133120K, used 32788K [0x00000006c2200000, 0x00000006ca400000, 0x000000076b600000)
  object space 133120K, 24% used [0x00000006c2200000,0x00000006c4205390,0x00000006ca400000)
 Metaspace       used 60479K, capacity 64279K, committed 64456K, reserved 1120256K
  class space    used 8741K, capacity 9385K, committed 9472K, reserved 1048576K
Event: 12.492 GC heap after
Heap after GC invocations=16 (full 3):
 PSYoungGen      total 410624K, used 32K [0x000000076b600000, 0x0000000785e80000, 0x00000007c0000000)
  eden space 386560K, 0% used [0x000000076b600000,0x000000076b600000,0x0000000782f80000)
  from space 24064K, 0% used [0x0000000782f80000,0x0000000782f88000,0x0000000784700000)
  to   space 19968K, 0% used [0x0000000784880000,0x0000000784880000,0x0000000785c00000)
 ParOldGen       total 133120K, used 40886K [0x00000006c2200000, 0x00000006ca400000, 0x000000076b600000)
  object space 133120K, 30% used [0x00000006c2200000,0x00000006c49ed878,0x00000006ca400000)
 Metaspace       used 60479K, capacity 64279K, committed 64456K, reserved 1120256K
  class space    used 8741K, capacity 9385K, committed 9472K, reserved 1048576K
}
Event: 12.492 GC heap before
{Heap before GC invocations=17 (full 4):
 PSYoungGen      total 410624K, used 32K [0x000000076b600000, 0x0000000785e80000, 0x00000007c0000000)
  eden space 386560K, 0% used [0x000000076b600000,0x000000076b600000,0x0000000782f80000)
  from space 24064K, 0% used [0x0000000782f80000,0x0000000782f88000,0x0000000784700000)
  to   space 19968K, 0% used [0x0000000784880000,0x0000000784880000,0x0000000785c00000)
 ParOldGen       total 133120K, used 40886K [0x00000006c2200000, 0x00000006ca400000, 0x000000076b600000)
  object space 133120K, 30% used [0x00000006c2200000,0x00000006c49ed878,0x00000006ca400000)
 Metaspace       used 60479K, capacity 64279K, committed 64456K, reserved 1120256K
  class space    used 8741K, capacity 9385K, committed 9472K, reserved 1048576K
Event: 12.593 GC heap after
Heap after GC invocations=17 (full 4):
 PSYoungGen      total 410624K, used 0K [0x000000076b600000, 0x0000000785e80000, 0x00000007c0000000)
  eden space 386560K, 0% used [0x000000076b600000,0x000000076b600000,0x0000000782f80000)
  from space 24064K, 0% used [0x0000000782f80000,0x0000000782f80000,0x0000000784700000)
  to   space 19968K, 0% used [0x0000000784880000,0x0000000784880000,0x0000000785c00000)
 ParOldGen       total 133120K, used 38337K [0x00000006c2200000, 0x00000006ca400000, 0x000000076b600000)
  object space 133120K, 28% used [0x00000006c2200000,0x00000006c47704e8,0x00000006ca400000)
 Metaspace       used 60479K, capacity 64279K, committed 64456K, reserved 1107968K
  class space    used 8741K, capacity 9385K, committed 9472K, reserved 1048576K
}

